<?xml version="1.0" encoding="UTF-8"?>
<!-- Generated by org.testng.reporters.JUnitReportReporter -->
<testsuite skipped="0" hostname="LAPTOP-LFLKGLKO" name="com.zomato.tests.Categories" tests="1" failures="0" timestamp="03 Dec 2018 09:30:33 GMT" time="0.014" errors="0">
  <testcase name="verify" time="0.014" classname="com.zomato.tests.Categories"/>
</testsuite> <!-- com.zomato.tests.Categories -->
